<?xml version="1.0" encoding="UTF-8"?>
<testng-results ignored="0" total="1" passed="1" failed="0" skipped="0">
  <reporter-output>
  </reporter-output>
  <suite started-at="2024-05-30T23:07:47 EDT" name="Default suite" finished-at="2024-05-30T23:07:57 EDT" duration-ms="10419">
    <groups>
    </groups>
    <test started-at="2024-05-30T23:07:47 EDT" name="Default test" finished-at="2024-05-30T23:07:57 EDT" duration-ms="10419">
      <class name="com.salesforce.TestCase4">
        <test-method signature="tc_4()[pri:0, instance:com.salesforce.TestCase4@1b11171f]" started-at="2024-05-30T23:07:47 EDT" name="tc_4" finished-at="2024-05-30T23:07:57 EDT" duration-ms="10329" status="PASS">
          <reporter-output>
          </reporter-output>
        </test-method> <!-- tc_4 -->
      </class> <!-- com.salesforce.TestCase4 -->
    </test> <!-- Default test -->
  </suite> <!-- Default suite -->
</testng-results>
